<?xml version="1.0" encoding="UTF-8"?>
<!-- Generated by org.testng.reporters.JUnitReportReporter -->
<testsuite hostname="DESKTOP-I4MPE0F" failures="0" tests="1" name="com.covid19thegame.qa.testcases.RegistrationPageTest" time="19.834" errors="0" timestamp="2022-06-05T19:06:55 IST" skipped="0">
  <testcase classname="com.covid19thegame.qa.testcases.RegistrationPageTest" name="loginToCovidApp" time="19.834"/>
  <system-out/>
</testsuite> <!-- com.covid19thegame.qa.testcases.RegistrationPageTest -->
